{"time": "2025-12-12T02:13:19+00:00", "level": "DEBUG", "logger": "botocore.utils", "msg": "IMDS ENDPOINT: http://169.254.169.254/", "filename": "utils.py", "lineno": 456}
{"time": "2025-12-12T02:13:19+00:00", "level": "DEBUG", "logger": "botocore.credentials", "msg": "Looking for credentials via: env", "filename": "credentials.py", "lineno": 2210}
{"time": "2025-12-12T02:13:19+00:00", "level": "DEBUG", "logger": "botocore.credentials", "msg": "Looking for credentials via: assume-role", "filename": "credentials.py", "lineno": 2210}
{"time": "2025-12-12T02:13:19+00:00", "level": "DEBUG", "logger": "botocore.credentials", "msg": "Looking for credentials via: assume-role-with-web-identity", "filename": "credentials.py", "lineno": 2210}
{"time": "2025-12-12T02:13:19+00:00", "level": "DEBUG", "logger": "botocore.credentials", "msg": "Looking for credentials via: sso", "filename": "credentials.py", "lineno": 2210}
{"time": "2025-12-12T02:13:19+00:00", "level": "DEBUG", "logger": "botocore.credentials", "msg": "Looking for credentials via: shared-credentials-file", "filename": "credentials.py", "lineno": 2210}
{"time": "2025-12-12T02:13:19+00:00", "level": "DEBUG", "logger": "botocore.credentials", "msg": "Looking for credentials via: custom-process", "filename": "credentials.py", "lineno": 2210}
{"time": "2025-12-12T02:13:19+00:00", "level": "DEBUG", "logger": "botocore.credentials", "msg": "Looking for credentials via: config-file", "filename": "credentials.py", "lineno": 2210}
{"time": "2025-12-12T02:13:19+00:00", "level": "DEBUG", "logger": "botocore.credentials", "msg": "Looking for credentials via: ec2-credentials-file", "filename": "credentials.py", "lineno": 2210}
{"time": "2025-12-12T02:13:19+00:00", "level": "DEBUG", "logger": "botocore.credentials", "msg": "Looking for credentials via: boto-config", "filename": "credentials.py", "lineno": 2210}
{"time": "2025-12-12T02:13:19+00:00", "level": "DEBUG", "logger": "botocore.credentials", "msg": "Looking for credentials via: container-role", "filename": "credentials.py", "lineno": 2210}
{"time": "2025-12-12T02:13:19+00:00", "level": "DEBUG", "logger": "botocore.credentials", "msg": "Looking for credentials via: iam-role", "filename": "credentials.py", "lineno": 2210}
{"time": "2025-12-12T02:13:19+00:00", "level": "DEBUG", "logger": "urllib3.connectionpool", "msg": "Starting new HTTP connection (1): 169.254.169.254:80", "filename": "connectionpool.py", "lineno": 241}
{"time": "2025-12-12T02:13:20+00:00", "level": "DEBUG", "logger": "botocore.utils", "msg": "Caught retryable HTTP exception while making metadata service request to http://169.254.169.254/latest/api/token: Connect timeout on endpoint URL: \"http://169.254.169.254/latest/api/token\"", "error_type": "ConnectTimeoutError", "error_message": "Connect timeout on endpoint URL: \"http://169.254.169.254/latest/api/token\"", "traceback": "Traceback (most recent call last):\n  File \"/home/malinkyzubr/Desktop/ECE30861/HuggingFace-Model-Manager-Phase-2/.venv/lib/python3.13/site-packages/urllib3/connection.py\", line 198, in _new_conn\n    sock = connection.create_connection(\n        (self._dns_host, self.port),\n    ...<2 lines>...\n        socket_options=self.socket_options,\n    )\n  File \"/home/malinkyzubr/Desktop/ECE30861/HuggingFace-Model-Manager-Phase-2/.venv/lib/python3.13/site-packages/urllib3/util/connection.py\", line 85, in create_connection\n    raise err\n  File \"/home/malinkyzubr/Desktop/ECE30861/HuggingFace-Model-Manager-Phase-2/.venv/lib/python3.13/site-packages/urllib3/util/connection.py\", line 73, in create_connection\n    sock.connect(sa)\n    ~~~~~~~~~~~~^^^^\nTimeoutError: timed out\n\nThe above exception was the direct cause of the following exception:\n\nTraceback (most recent call last):\n  File \"/home/malinkyzubr/Desktop/ECE30861/HuggingFace-Model-Manager-Phase-2/.venv/lib/python3.13/site-packages/botocore/httpsession.py\", line 465, in send\n    urllib_response = conn.urlopen(\n        method=request.method,\n    ...<7 lines>...\n        chunked=self._chunked(request.headers),\n    )\n  File \"/home/malinkyzubr/Desktop/ECE30861/HuggingFace-Model-Manager-Phase-2/.venv/lib/python3.13/site-packages/urllib3/connectionpool.py\", line 841, in urlopen\n    retries = retries.increment(\n        method, url, error=new_e, _pool=self, _stacktrace=sys.exc_info()[2]\n    )\n  File \"/home/malinkyzubr/Desktop/ECE30861/HuggingFace-Model-Manager-Phase-2/.venv/lib/python3.13/site-packages/urllib3/util/retry.py\", line 449, in increment\n    raise reraise(type(error), error, _stacktrace)\n          ~~~~~~~^^^^^^^^^^^^^^^^^^^^^^^^^^^^^^^^^\n  File \"/home/malinkyzubr/Desktop/ECE30861/HuggingFace-Model-Manager-Phase-2/.venv/lib/python3.13/site-packages/urllib3/util/util.py\", line 39, in reraise\n    raise value\n  File \"/home/malinkyzubr/Desktop/ECE30861/HuggingFace-Model-Manager-Phase-2/.venv/lib/python3.13/site-packages/urllib3/connectionpool.py\", line 787, in urlopen\n    response = self._make_request(\n        conn,\n    ...<10 lines>...\n        **response_kw,\n    )\n  File \"/home/malinkyzubr/Desktop/ECE30861/HuggingFace-Model-Manager-Phase-2/.venv/lib/python3.13/site-packages/urllib3/connectionpool.py\", line 493, in _make_request\n    conn.request(\n    ~~~~~~~~~~~~^\n        method,\n        ^^^^^^^\n    ...<6 lines>...\n        enforce_content_length=enforce_content_length,\n        ^^^^^^^^^^^^^^^^^^^^^^^^^^^^^^^^^^^^^^^^^^^^^^\n    )\n    ^\n  File \"/home/malinkyzubr/Desktop/ECE30861/HuggingFace-Model-Manager-Phase-2/.venv/lib/python3.13/site-packages/botocore/awsrequest.py\", line 96, in request\n    rval = super().request(method, url, body, headers, *args, **kwargs)\n  File \"/home/malinkyzubr/Desktop/ECE30861/HuggingFace-Model-Manager-Phase-2/.venv/lib/python3.13/site-packages/urllib3/connection.py\", line 494, in request\n    self.endheaders()\n    ~~~~~~~~~~~~~~~^^\n  File \"/usr/lib/python3.13/http/client.py\", line 1333, in endheaders\n    self._send_output(message_body, encode_chunked=encode_chunked)\n    ~~~~~~~~~~~~~~~~~^^^^^^^^^^^^^^^^^^^^^^^^^^^^^^^^^^^^^^^^^^^^^\n  File \"/home/malinkyzubr/Desktop/ECE30861/HuggingFace-Model-Manager-Phase-2/.venv/lib/python3.13/site-packages/botocore/awsrequest.py\", line 123, in _send_output\n    self.send(msg)\n    ~~~~~~~~~^^^^^\n  File \"/home/malinkyzubr/Desktop/ECE30861/HuggingFace-Model-Manager-Phase-2/.venv/lib/python3.13/site-packages/botocore/awsrequest.py\", line 223, in send\n    return super().send(str)\n           ~~~~~~~~~~~~^^^^^\n  File \"/usr/lib/python3.13/http/client.py\", line 1037, in send\n    self.connect()\n    ~~~~~~~~~~~~^^\n  File \"/home/malinkyzubr/Desktop/ECE30861/HuggingFace-Model-Manager-Phase-2/.venv/lib/python3.13/site-packages/urllib3/connection.py\", line 325, in connect\n    self.sock = self._new_conn()\n                ~~~~~~~~~~~~~~^^\n  File \"/home/malinkyzubr/Desktop/ECE30861/HuggingFace-Model-Manager-Phase-2/.venv/lib/python3.13/site-packages/urllib3/connection.py\", line 207, in _new_conn\n    raise ConnectTimeoutError(\n    ...<2 lines>...\n    ) from e\nurllib3.exceptions.ConnectTimeoutError: (<botocore.awsrequest.AWSHTTPConnection object at 0x7c9b66c1a3c0>, 'Connection to 169.254.169.254 timed out. (connect timeout=1)')\n\nDuring handling of the above exception, another exception occurred:\n\nTraceback (most recent call last):\n  File \"/home/malinkyzubr/Desktop/ECE30861/HuggingFace-Model-Manager-Phase-2/.venv/lib/python3.13/site-packages/botocore/utils.py\", line 480, in _fetch_metadata_token\n    response = self._session.send(request.prepare())\n  File \"/home/malinkyzubr/Desktop/ECE30861/HuggingFace-Model-Manager-Phase-2/.venv/lib/python3.13/site-packages/botocore/httpsession.py\", line 500, in send\n    raise ConnectTimeoutError(endpoint_url=request.url, error=e)\nbotocore.exceptions.ConnectTimeoutError: Connect timeout on endpoint URL: \"http://169.254.169.254/latest/api/token\"", "filename": "utils.py", "lineno": 490}
{"time": "2025-12-12T02:13:20+00:00", "level": "DEBUG", "logger": "urllib3.connectionpool", "msg": "Starting new HTTP connection (2): 169.254.169.254:80", "filename": "connectionpool.py", "lineno": 241}
{"time": "2025-12-12T02:13:21+00:00", "level": "DEBUG", "logger": "botocore.utils", "msg": "Caught retryable HTTP exception while making metadata service request to http://169.254.169.254/latest/meta-data/iam/security-credentials/: Connect timeout on endpoint URL: \"http://169.254.169.254/latest/meta-data/iam/security-credentials/\"", "error_type": "ConnectTimeoutError", "error_message": "Connect timeout on endpoint URL: \"http://169.254.169.254/latest/meta-data/iam/security-credentials/\"", "traceback": "Traceback (most recent call last):\n  File \"/home/malinkyzubr/Desktop/ECE30861/HuggingFace-Model-Manager-Phase-2/.venv/lib/python3.13/site-packages/urllib3/connection.py\", line 198, in _new_conn\n    sock = connection.create_connection(\n        (self._dns_host, self.port),\n    ...<2 lines>...\n        socket_options=self.socket_options,\n    )\n  File \"/home/malinkyzubr/Desktop/ECE30861/HuggingFace-Model-Manager-Phase-2/.venv/lib/python3.13/site-packages/urllib3/util/connection.py\", line 85, in create_connection\n    raise err\n  File \"/home/malinkyzubr/Desktop/ECE30861/HuggingFace-Model-Manager-Phase-2/.venv/lib/python3.13/site-packages/urllib3/util/connection.py\", line 73, in create_connection\n    sock.connect(sa)\n    ~~~~~~~~~~~~^^^^\nTimeoutError: timed out\n\nThe above exception was the direct cause of the following exception:\n\nTraceback (most recent call last):\n  File \"/home/malinkyzubr/Desktop/ECE30861/HuggingFace-Model-Manager-Phase-2/.venv/lib/python3.13/site-packages/botocore/httpsession.py\", line 465, in send\n    urllib_response = conn.urlopen(\n        method=request.method,\n    ...<7 lines>...\n        chunked=self._chunked(request.headers),\n    )\n  File \"/home/malinkyzubr/Desktop/ECE30861/HuggingFace-Model-Manager-Phase-2/.venv/lib/python3.13/site-packages/urllib3/connectionpool.py\", line 841, in urlopen\n    retries = retries.increment(\n        method, url, error=new_e, _pool=self, _stacktrace=sys.exc_info()[2]\n    )\n  File \"/home/malinkyzubr/Desktop/ECE30861/HuggingFace-Model-Manager-Phase-2/.venv/lib/python3.13/site-packages/urllib3/util/retry.py\", line 449, in increment\n    raise reraise(type(error), error, _stacktrace)\n          ~~~~~~~^^^^^^^^^^^^^^^^^^^^^^^^^^^^^^^^^\n  File \"/home/malinkyzubr/Desktop/ECE30861/HuggingFace-Model-Manager-Phase-2/.venv/lib/python3.13/site-packages/urllib3/util/util.py\", line 39, in reraise\n    raise value\n  File \"/home/malinkyzubr/Desktop/ECE30861/HuggingFace-Model-Manager-Phase-2/.venv/lib/python3.13/site-packages/urllib3/connectionpool.py\", line 787, in urlopen\n    response = self._make_request(\n        conn,\n    ...<10 lines>...\n        **response_kw,\n    )\n  File \"/home/malinkyzubr/Desktop/ECE30861/HuggingFace-Model-Manager-Phase-2/.venv/lib/python3.13/site-packages/urllib3/connectionpool.py\", line 493, in _make_request\n    conn.request(\n    ~~~~~~~~~~~~^\n        method,\n        ^^^^^^^\n    ...<6 lines>...\n        enforce_content_length=enforce_content_length,\n        ^^^^^^^^^^^^^^^^^^^^^^^^^^^^^^^^^^^^^^^^^^^^^^\n    )\n    ^\n  File \"/home/malinkyzubr/Desktop/ECE30861/HuggingFace-Model-Manager-Phase-2/.venv/lib/python3.13/site-packages/botocore/awsrequest.py\", line 96, in request\n    rval = super().request(method, url, body, headers, *args, **kwargs)\n  File \"/home/malinkyzubr/Desktop/ECE30861/HuggingFace-Model-Manager-Phase-2/.venv/lib/python3.13/site-packages/urllib3/connection.py\", line 494, in request\n    self.endheaders()\n    ~~~~~~~~~~~~~~~^^\n  File \"/usr/lib/python3.13/http/client.py\", line 1333, in endheaders\n    self._send_output(message_body, encode_chunked=encode_chunked)\n    ~~~~~~~~~~~~~~~~~^^^^^^^^^^^^^^^^^^^^^^^^^^^^^^^^^^^^^^^^^^^^^\n  File \"/home/malinkyzubr/Desktop/ECE30861/HuggingFace-Model-Manager-Phase-2/.venv/lib/python3.13/site-packages/botocore/awsrequest.py\", line 123, in _send_output\n    self.send(msg)\n    ~~~~~~~~~^^^^^\n  File \"/home/malinkyzubr/Desktop/ECE30861/HuggingFace-Model-Manager-Phase-2/.venv/lib/python3.13/site-packages/botocore/awsrequest.py\", line 223, in send\n    return super().send(str)\n           ~~~~~~~~~~~~^^^^^\n  File \"/usr/lib/python3.13/http/client.py\", line 1037, in send\n    self.connect()\n    ~~~~~~~~~~~~^^\n  File \"/home/malinkyzubr/Desktop/ECE30861/HuggingFace-Model-Manager-Phase-2/.venv/lib/python3.13/site-packages/urllib3/connection.py\", line 325, in connect\n    self.sock = self._new_conn()\n                ~~~~~~~~~~~~~~^^\n  File \"/home/malinkyzubr/Desktop/ECE30861/HuggingFace-Model-Manager-Phase-2/.venv/lib/python3.13/site-packages/urllib3/connection.py\", line 207, in _new_conn\n    raise ConnectTimeoutError(\n    ...<2 lines>...\n    ) from e\nurllib3.exceptions.ConnectTimeoutError: (<botocore.awsrequest.AWSHTTPConnection object at 0x7c9b66c2ce10>, 'Connection to 169.254.169.254 timed out. (connect timeout=1)')\n\nDuring handling of the above exception, another exception occurred:\n\nTraceback (most recent call last):\n  File \"/home/malinkyzubr/Desktop/ECE30861/HuggingFace-Model-Manager-Phase-2/.venv/lib/python3.13/site-packages/botocore/utils.py\", line 535, in _get_request\n    response = self._session.send(request.prepare())\n  File \"/home/malinkyzubr/Desktop/ECE30861/HuggingFace-Model-Manager-Phase-2/.venv/lib/python3.13/site-packages/botocore/httpsession.py\", line 500, in send\n    raise ConnectTimeoutError(endpoint_url=request.url, error=e)\nbotocore.exceptions.ConnectTimeoutError: Connect timeout on endpoint URL: \"http://169.254.169.254/latest/meta-data/iam/security-credentials/\"", "filename": "utils.py", "lineno": 539}
{"time": "2025-12-12T02:13:21+00:00", "level": "DEBUG", "logger": "botocore.utils", "msg": "Max number of attempts exceeded (1) when attempting to retrieve data from metadata service.", "filename": "utils.py", "lineno": 631}
{"time": "2025-12-12T02:13:21+00:00", "level": "DEBUG", "logger": "botocore.hooks", "msg": "Event choose-service-name: calling handler <function handle_service_name_alias at 0x7c9b69529300>", "filename": "hooks.py", "lineno": 238}
{"time": "2025-12-12T02:13:21+00:00", "level": "DEBUG", "logger": "botocore.loaders", "msg": "Loading JSON file: /home/malinkyzubr/Desktop/ECE30861/HuggingFace-Model-Manager-Phase-2/.venv/lib/python3.13/site-packages/botocore/data/logs/2014-03-28/service-2.json.gz", "filename": "loaders.py", "lineno": 181}
{"time": "2025-12-12T02:13:21+00:00", "level": "DEBUG", "logger": "botocore.loaders", "msg": "Loading JSON file: /home/malinkyzubr/Desktop/ECE30861/HuggingFace-Model-Manager-Phase-2/.venv/lib/python3.13/site-packages/botocore/data/logs/2014-03-28/endpoint-rule-set-1.json.gz", "filename": "loaders.py", "lineno": 181}
{"time": "2025-12-12T02:13:21+00:00", "level": "DEBUG", "logger": "botocore.hooks", "msg": "Event creating-client-class.cloudwatch-logs: calling handler <function add_generate_presigned_url at 0x7c9b696be160>", "filename": "hooks.py", "lineno": 238}
{"time": "2025-12-12T02:13:21+00:00", "level": "DEBUG", "logger": "botocore.configprovider", "msg": "Looking for endpoint for logs via: environment_service", "filename": "configprovider.py", "lineno": 979}
{"time": "2025-12-12T02:13:21+00:00", "level": "DEBUG", "logger": "botocore.configprovider", "msg": "Looking for endpoint for logs via: environment_global", "filename": "configprovider.py", "lineno": 979}
{"time": "2025-12-12T02:13:21+00:00", "level": "DEBUG", "logger": "botocore.configprovider", "msg": "Looking for endpoint for logs via: config_service", "filename": "configprovider.py", "lineno": 979}
{"time": "2025-12-12T02:13:21+00:00", "level": "DEBUG", "logger": "botocore.configprovider", "msg": "Looking for endpoint for logs via: config_global", "filename": "configprovider.py", "lineno": 979}
{"time": "2025-12-12T02:13:21+00:00", "level": "DEBUG", "logger": "botocore.configprovider", "msg": "No configured endpoint found.", "filename": "configprovider.py", "lineno": 995}
{"time": "2025-12-12T02:13:21+00:00", "level": "DEBUG", "logger": "botocore.endpoint", "msg": "Setting logs timeout as (60, 60)", "filename": "endpoint.py", "lineno": 414}
{"time": "2025-12-12T02:13:21+00:00", "level": "DEBUG", "logger": "botocore.hooks", "msg": "Changing event name from creating-serializer.logs to creating-serializer.cloudwatch-logs", "filename": "hooks.py", "lineno": 482}
{"time": "2025-12-12T02:13:21+00:00", "level": "DEBUG", "logger": "botocore.client", "msg": "Registering retry handlers for service: logs", "filename": "client.py", "lineno": 286}
{"time": "2025-12-12T02:13:21+00:00", "level": "DEBUG", "logger": "botocore.loaders", "msg": "Loading JSON file: /home/malinkyzubr/Desktop/ECE30861/HuggingFace-Model-Manager-Phase-2/.venv/lib/python3.13/site-packages/botocore/data/logs/2014-03-28/paginators-1.json", "filename": "loaders.py", "lineno": 181}
{"time": "2025-12-12T02:13:21+00:00", "level": "DEBUG", "logger": "botocore.loaders", "msg": "Loading JSON file: /home/malinkyzubr/Desktop/ECE30861/HuggingFace-Model-Manager-Phase-2/.venv/lib/python3.13/site-packages/botocore/data/logs/2014-03-28/paginators-1.sdk-extras.json", "filename": "loaders.py", "lineno": 181}
{"time": "2025-12-12T02:13:21+00:00", "level": "DEBUG", "logger": "botocore.hooks", "msg": "Event before-parameter-build.cloudwatch-logs.DescribeLogGroups: calling handler <function generate_idempotent_uuid at 0x7c9b6952a5c0>", "filename": "hooks.py", "lineno": 238}
{"time": "2025-12-12T02:13:21+00:00", "level": "DEBUG", "logger": "botocore.hooks", "msg": "Event before-parameter-build.cloudwatch-logs.DescribeLogGroups: calling handler <function _handle_request_validation_mode_member at 0x7c9b695651c0>", "filename": "hooks.py", "lineno": 238}
{"time": "2025-12-12T02:13:21+00:00", "level": "DEBUG", "logger": "botocore.regions", "msg": "Calling endpoint provider with parameters: {'Region': 'us-east-2', 'UseDualStack': False, 'UseFIPS': False}", "filename": "regions.py", "lineno": 506}
{"time": "2025-12-12T02:13:21+00:00", "level": "DEBUG", "logger": "botocore.regions", "msg": "Endpoint provider result: https://logs.us-east-2.amazonaws.com", "filename": "regions.py", "lineno": 521}
{"time": "2025-12-12T02:13:21+00:00", "level": "DEBUG", "logger": "botocore.hooks", "msg": "Event before-call.cloudwatch-logs.DescribeLogGroups: calling handler <function add_recursion_detection_header at 0x7c9b6952a0c0>", "filename": "hooks.py", "lineno": 238}
{"time": "2025-12-12T02:13:21+00:00", "level": "DEBUG", "logger": "botocore.hooks", "msg": "Event before-call.cloudwatch-logs.DescribeLogGroups: calling handler <function inject_api_version_header_if_needed at 0x7c9b695640e0>", "filename": "hooks.py", "lineno": 238}
{"time": "2025-12-12T02:13:21+00:00", "level": "DEBUG", "logger": "botocore.endpoint", "msg": "Making request for OperationModel(name=DescribeLogGroups) with params: {'url_path': '/', 'query_string': '', 'method': 'POST', 'headers': {'X-Amz-Target': 'Logs_20140328.DescribeLogGroups', 'Content-Type': 'application/x-amz-json-1.1', 'User-Agent': 'Boto3/1.40.76 md/Botocore#1.40.76 ua/2.1 os/linux#6.14.0-36-generic md/arch#x86_64 lang/python#3.13.10 md/pyimpl#CPython m/C,D,b,Z cfg/retry-mode#legacy Botocore/1.40.76'}, 'body': b'{\"logGroupNamePrefix\": \"/ece461/project\"}', 'url': 'https://logs.us-east-2.amazonaws.com/', 'context': {'client_region': 'us-east-2', 'client_config': <botocore.config.Config object at 0x7c9b66c2c690>, 'has_streaming_input': False, 'auth_type': None, 'unsigned_payload': None, 'auth_options': ['aws.auth#sigv4']}}", "filename": "endpoint.py", "lineno": 114}
{"time": "2025-12-12T02:13:21+00:00", "level": "DEBUG", "logger": "botocore.hooks", "msg": "Event request-created.cloudwatch-logs.DescribeLogGroups: calling handler <bound method RequestSigner.handler of <botocore.signers.RequestSigner object at 0x7c9b66c2c910>>", "filename": "hooks.py", "lineno": 238}
{"time": "2025-12-12T02:13:21+00:00", "level": "DEBUG", "logger": "botocore.hooks", "msg": "Event choose-signer.cloudwatch-logs.DescribeLogGroups: calling handler <function set_operation_specific_signer at 0x7c9b6952a340>", "filename": "hooks.py", "lineno": 238}
{"time": "2025-12-12T02:13:21+00:00", "level": "DEBUG", "logger": "botocore.hooks", "msg": "Event choose-signer.cloudwatch-logs.DescribeLogGroups: calling handler <function _set_auth_scheme_preference_signer at 0x7c9b69565300>", "filename": "hooks.py", "lineno": 238}
{"time": "2025-12-12T02:13:21+00:00", "level": "WARNING", "logger": "root", "msg": "Failed to set up CloudWatch logging: Unable to locate credentials. Local logging will continue.", "filename": "logger.py", "lineno": 97}
{"time": "2025-12-12T02:13:21+00:00", "level": "INFO", "logger": "root", "msg": "Starting Server", "filename": "__main__.py", "lineno": 14}
